Checking license acceptance...License terms accepted.
License, legal-notices/license.txt, has been accepted.
License Hash: G5z5TLMUeTnFgJUOZsBIphE6Uyw=.
設定ディレクトリ /root/openam をチェックしています。...成功しました。
OpenAM 設定ストアのインストール...成功しました RSA/ECB/OAEPWithSHA1AndMGF1Padding。
OpenDJ から情報を収集しています、しばらくお待ちください...完了
OpenDJ セットアップ実行中セットアップコマンド: --cli --adminConnectorPort 4444 --baseDN dc=openam,dc=forgerock,dc=org --rootUserDN cn=Directory Manager --ldapPort 50389 --skipPortCheck --rootUserPassword xxxxxxx --jmxPort 1689 --no-prompt --doNotStart --hostname localhost --noPropertiesFile 
See /usr/local/tomcat/temp/opendj-setup-3968098303191939652.log for a detailed
log of this operation.

Configuring Directory Server ..... Done.

To see basic server configuration status and configuration you can launch
/root/openam/opends/bin/status

...成功しました。
...成功
/root/openam/opends での OpenAM 設定ストアのインストール...成功しました。
OpenAM サフィックスを作成中Import task 20191209070131357 scheduled to start immediately
Import task 20191209070131357 has been successfully completed
...成功
スキーマファイルのタグをスワップしています。...成功しました。
スキーマ opendj_config_schema.ldif をロードしています...成功しました。
スキーマ opendj_user_schema.ldif をロードしています...成功しました。
スキーマ opendj_embinit.ldif をロードしています...成功しました。
スキーマ opendj_user_index.ldif をロードしています...成功しました。
スキーマ cts-container.ldif をロードしています...成功しました。
スキーマ cts-add-schema.ldif をロードしています...成功しました。
スキーマ cts-indices.ldif をロードしています...成功しました。
スキーマ opendj_dashboard.ldif をロードしています...成功しました。
スキーマ opendj_deviceprint.ldif をロードしています...成功しました。
スキーマ opendj_kba.ldif をロードしています...成功しました。
スキーマ opendj_uma_audit.ldif をロードしています...成功しました。
スキーマ opendj_uma_resource_sets.ldif をロードしています...成功しました。
スキーマ opendj_uma_labels_schema.ldif をロードしています...成功しました。
スキーマ opendj_uma_resource_set_labels.ldif をロードしています...成功しました。
スキーマ opendj_uma_pending_requests.ldif をロードしています...成功しました。
スキーマ opendj_oathdevices.ldif をロードしています...成功しました。
...成功しました。
システムのプロパティーを再初期化しています。...完了
サービス dashboardService.xml を登録しています...成功しました。
サービス amEntrySpecific.xml を登録しています...成功しました。
サービス amAuthConfig.xml を登録しています...成功しました。
サービス amAuthHTTPBasic.xml を登録しています...成功しました。
サービス amAdminConsole.xml を登録しています...成功しました。
サービス idRepoService.xml を登録しています...成功しました。
サービス amAuth.xml を登録しています...成功しました。
サービス amAuthAD.xml を登録しています...成功しました。
サービス amAuthAdaptive.xml を登録しています...成功しました。
サービス amAuthAnonymous.xml を登録しています...成功しました。
サービス amAuthCert.xml を登録しています...成功しました。
サービス amAuthDataStore.xml を登録しています...成功しました。
サービス amAuthPersistentCookie.xml を登録しています...成功しました。
サービス amAuthDevicePrintModule.xml を登録しています...成功しました。
サービス amAuthJDBC.xml を登録しています...成功しました。
サービス amAuthLDAP.xml を登録しています...成功しました。
サービス amAuthMSISDN.xml を登録しています...成功しました。
サービス amAuthMembership.xml を登録しています...成功しました。
サービス amAuthNT.xml を登録しています...成功しました。
サービス amAuthOAuth.xml を登録しています...成功しました。
サービス amAuthWindowsDesktopSSO.xml を登録しています...成功しました。
サービス amAuthOpenIdConnect.xml を登録しています...成功しました。
サービス amClientData.xml を登録しています...成功しました。
サービス amClientDetection.xml を登録しています...成功しました。
サービス amDelegation.xml を登録しています...成功しました。
サービス amFilteredRole.xml を登録しています...成功しました。
サービス amG11NSettings.xml を登録しています...成功しました。
サービス amLogging.xml を登録しています...成功しました。
サービス amNaming.xml を登録しています...成功しました。
サービス amPlatform.xml を登録しています...成功しました。
サービス amPolicy.xml を登録しています...成功しました。
サービス amPolicyConfig.xml を登録しています...成功しました。
サービス amRealmService.xml を登録しています...成功しました。
サービス amSession.xml を登録しています...成功しました。
サービス amWebAgent.xml を登録しています...成功しました。
サービス crestPolicyService.xml を登録しています...成功しました。
サービス amUser.xml を登録しています...成功しました。
サービス identityLocaleService.xml を登録しています...成功しました。
サービス amAgent70.xml を登録しています...成功しました。
サービス amPasswordReset.xml を登録しています...成功しました。
サービス amAuthRadius.xml を登録しています...成功しました。
サービス amAuthHOTP.xml を登録しています...成功しました。
サービス amMonitoring.xml を登録しています...成功しました。
サービス AgentService.xml を登録しています...成功しました。
サービス policyIndex.xml を登録しています...成功しました。
サービス entitlement.xml を登録しています...成功しました。
サービス openProvisioning.xml を登録しています...成功しました。
サービス banking.xml を登録しています...成功しました。
サービス CoreTokenConfig.xml を登録しています...成功しました。
サービス CoreTokenStore.xml を登録しています...成功しました。
サービス amAuthAuthenticatorOATH.xml を登録しています...成功しました。
サービス AuthenticatorOATH.xml を登録しています...成功しました。
サービス fmAuthFederation.xml を登録しています...成功しました。
サービス fmAuthSAE.xml を登録しています...成功しました。
サービス fmAuthnSvc.xml を登録しています...成功しました。
サービス fmDisco.xml を登録しています...成功しました。
サービス fmIDFF.xml を登録しています...成功しました。
サービス fmLibertyPersonalProfile.xml を登録しています...成功しました。
サービス fmCOTConfig.xml を登録しています...成功しました。
サービス fmSAML2.xml を登録しています...成功しました。
サービス fmSAML.xml を登録しています...成功しました。
サービス fmSOAPBinding.xml を登録しています...成功しました。
サービス fmSAML2SOAPBinding.xml を登録しています...成功しました。
サービス fmWSFederation.xml を登録しています...成功しました。
サービス fmMultiProtocol.xml を登録しています...成功しました。
サービス famFederationCommon.xml を登録しています...成功しました。
サービス famIDFFConfig.xml を登録しています...成功しました。
サービス famSAML2Config.xml を登録しています...成功しました。
サービス OAuth2Provider.xml を登録しています...成功しました。
サービス UmaProvider.xml を登録しています...成功しました。
サービス MailServer.xml を登録しています...成功しました。
サービス RestSecurity.xml を登録しています...成功しました。
サービス amAuthScripted.xml を登録しています...成功しました。
サービス amAuthDeviceIdMatch.xml を登録しています...成功しました。
サービス amAuthDeviceIdSave.xml を登録しています...成功しました。
サービス restSTS.xml を登録しています...成功しました。
サービス soapSTS.xml を登録しています...成功しました。
サービス validationService.xml を登録しています...成功しました。
サービス RestApis.xml を登録しています...成功しました。
サービス socialAuthN.xml を登録しています...成功しました。
サービス amBaseURL.xml を登録しています...成功しました。
サービス scripting.xml を登録しています...成功しました。
サービス amAuthOATH.xml を登録しています...成功しました。
サービス amAuthSAML2.xml を登録しています...成功しました。
サービス audit.xml を登録しています...成功しました。
サービス RadiusServerService.xml を登録しています...成功しました。
サービス amSessionPropertyWhitelist.xml を登録しています...成功しました。
サービス selfService.xml を登録しています...成功しました。
システムを設定しています。...完了
サーバーインスタンスを設定しています。...完了
デモユーザーを作成しています。...完了
認証ファイルの監視を設定します。

Dumping all configuration parameters...

Request Parameters:
acceptLicense = true
actionLink = createDefaultConfig
ADMIN_CONFIRM_PWD = #########
ADMIN_PWD = #########
AM_ENC_KEY = #########
AMLDAPUSERPASSWD = #########
AMLDAPUSERPASSWD_CONFIRM = #########
BASE_DIR = /root/openam
COOKIE_DOMAIN = 
DATA_STORE = embedded
DIRECTORY_ADMIN_PORT = 4444
DIRECTORY_JMX_PORT = 1689
DIRECTORY_PORT = 50389
DIRECTORY_SERVER = localhost
DIRECTORY_SSL = SIMPLE
DS_DIRMGRPASSWD = #########
locale = ja_JP
PLATFORM_LOCALE = en_US
SERVER_HOST = localhost
SERVER_PORT = 8443
SERVER_URI = /openam/config/defaultSummary.htm
SERVER_URL = https://localhost:8443/openam/config/defaultSummary.htm
SESSION_ROOT_SUFFIX = ou=openam-session
SESSION_STORE_TYPE = none

Main configuration items:
acceptLicense = true
actionLink = createDefaultConfig
ADMIN_PWD = #########
AM_COEXIST = false
AM_ENC_KEY = #########
AM_REALM = true
AMLDAPUSERPASSWD = #########
AMSDK_I18N_KEY = a101
AUTH_DEFAULT_CONFIG = ldapService
AUTHNSVC_CRAMMD5_MECHANISM_HANDLER = com.sun.identity.liberty.ws.authnsvc.mechanism.CramMD5MechanismHandler
AUTHNSVC_PLAIN_MECHANISM_HANDLER = com.sun.identity.liberty.ws.authnsvc.mechanism.PlainMechanismHandler
AUTHNSVC_SSOTOKEN_MECHANISM_HANDLER = com.sun.identity.liberty.ws.authnsvc.mechanism.SSOTokenMechanismHandler
BASE_DIR = /root/openam
CONFIGURATION_PROVIDER_CLASS = com.sun.identity.plugin.configuration.impl.ConfigurationInstanceImpl
CONSOLE_URI = /openam
COOKIE_DOMAIN = 
COOKIE_ENCODE = false
DATA_STORE = embedded
DATASTORE_NOTIFICATION = true
DATASTORE_PROVIDER_CLASS = com.sun.identity.plugin.datastore.impl.IdRepoDataStoreProvider
DB_NAME = userRoot
DEBUG_DIR = debug
DEBUG_SUBDIR = debug
DEFAULT_AUTH_MODULE = DataStore
DEFAULT_ORG = dc=openam,dc=forgerock,dc=org
DIRECTORY_ADMIN_PORT = 4444
DIRECTORY_JMX_PORT = 1689
DIRECTORY_PORT = 50389
DIRECTORY_SERVER = localhost
DIRECTORY_SSL = SIMPLE
DISABLE_PERSISTENT_SEARCH = aci,um
DISCO_AUTHORIZER = com.sun.identity.liberty.ws.disco.plugins.DefaultDiscoAuthorizer
DISCO_ENTRY_HANDLER = com.sun.identity.liberty.ws.disco.plugins.UserDiscoEntryHandler
DISCO_GLOBAL_ENTRY_HANDLER = com.sun.identity.liberty.ws.disco.plugins.GlobalDiscoEntryHandler
DIT_LOADED = false
DS_DIRMGRDN = cn=Directory Manager
DS_DIRMGRPASSWD = #########
DS_OBJECT_CLASS = ldap.SMSLdapObject
DS_UM_SCHEMA = sms
EMBEDDED_DS_OBJECT_CLASS = ldap.SMSEmbeddedLdapObject
ENCADADMINPASSWD = #########
ENCADMINPASSWD = #########
ENCDSDIRMGRPASSWD = #########
ENCLDAPUSERPASSWD = #########
GlobalClientSideAuthModuleScriptId = c827d2b4-3608-4693-868e-bbcf86bd87c7
GlobalClientSideDeviceIdMatchScriptId = 157298c0-7d31-4059-a95b-eeb08473b7e5
GlobalEntitlementConditionScriptId = 9de3eb62-f131-4fac-a294-7bd170fd4acb
GlobalOidcClaimsScriptId = 36863ffb-40ec-48b9-94b1-9a99f71cc3b5
GlobalServerSideAuthModuleScriptId = 7e3d7067-d50f-4674-8c76-a3e13a810c33
GlobalServerSideDeviceIdMatchScriptId = 703dab1a-1921-4981-98dd-b8e5349d8548
HASHADMINPASSWD = #########
HASHLDAPUSERPASSWD = #########
IDPP_AUTHORIZER = com.sun.identity.liberty.ws.idpp.plugin.IDPPAuthorizer
IS_INSTALL_VARDIR = baseDir
IS_PRODNAME = /openam
LDAP_CONNECTION_MODE = LDAP
locale = ja_JP
LOG_DIR = log
LOG_PROVIDER_CLASS = com.sun.identity.plugin.log.impl.LogProvider
MONAGENT_PROVIDER_CLASS = com.sun.identity.plugin.monitoring.impl.AgentProvider
MONIDFF_PROVIDER_CLASS = com.sun.identity.plugin.monitoring.impl.FedMonIDFFSvcProvider
MONSAML1_PROVIDER_CLASS = com.sun.identity.plugin.monitoring.impl.FedMonSAML1SvcProvider
MONSAML2_PROVIDER_CLASS = com.sun.identity.plugin.monitoring.impl.FedMonSAML2SvcProvider
NORMALIZED_ORGBASE = dc=openam,dc=forgerock,dc=org
NORMALIZED_RS = dc=openam,dc=forgerock,dc=org
NoScriptDefined = [Empty]
OLDCON_DEPLOY_URI = /openam
OPENDS_TRANSFORMATION = RSA/ECB/OAEPWithSHA1AndMGF1Padding
ORG_BASE = dc=openam,dc=forgerock,dc=org
ORG_NAMING_ATTR = o
ORG_OBJECT_CLASS = sunismanagedorganization
ORG_ROOT_SUFFIX = dc=openam,dc=forgerock,dc=org
OUTPUT_DIR = basedir/uri
PAM_SERVICE_NAME = other
People_NM_ORG_ROOT_SUFFIX = People_dc=openam_dc=forgerock_dc=org
PLATFORM_LOCALE = en_US
ROOT_SUFFIX = dc=openam,dc=forgerock,dc=org
RS_RDN = openam
SERVER_HOST = localhost
SERVER_PORT = 8443
SERVER_PROTO = https
SERVER_URI = /openam
SERVER_URL = https://localhost:8443
SESSION_PROVIDER_CLASS = com.sun.identity.plugin.session.impl.FMSessionProvider
SESSION_ROOT_SUFFIX = ou=openam-session
SESSION_STORE_TYPE = none
SM_CONFIG_BASEDN = dc=openam,dc=forgerock,dc=org
SM_CONFIG_BASEDN_RDNV = openam
SM_CONFIG_ROOT_SUFFIX = dc=openam,dc=forgerock,dc=org
SM_ROOT_SUFFIX_HAT = dc=openam^dc=forgerock^dc=org
SMS_OBJECT_CLASS = flatfile.SMSEnhancedFlatFileObject
SSHA512LDAPUSERPWD = #########
UM_DIRECTORY_PORT = 50389
UM_DIRECTORY_SERVER = localhost
UM_DS_DIRMGRDN = cn=Directory Manager
UM_DS_DIRMGRPASSWD = #########
UM_ENABLED = true
UM_NORMALIZED_ORGBASE = dc=openam,dc=forgerock,dc=org
UM_SSL = false
USER_NAMING_ATTR = uid
USER_OBJECT_CLASS = inetorgperson
USER_PROFILE_CHOICE = false
VERSION = OpenAM 13.0.0 (2016-January-27 14:17)
WEB_SERVICE_AUTHENTICATOR = com.sun.identity.liberty.ws.soapbinding.WebServiceAuthenticatorImpl
XML_ENCODING = ISO-8859-1

Finished dumping all configuration parameters
